# JRE version: Java(TM) SE Runtime Environment (17.0.10+11) (build 17.0.10+11-LTS-240)
# Java VM: Java HotSpot(TM) 64-Bit Server VM (17.0.10+11-LTS-240, mixed mode, emulated-client, sharing, tiered, compressed oops, compressed class ptrs, g1 gc, windows-amd64)
GC Precious Log:
 CPUs: 6 total, 6 available
 Memory: 32712M
 Large Page Support: Disabled
 NUMA Support: Disabled
 Compressed Oops: Enabled (Zero based)
 Heap Region Size: 4M
 Heap Min Capacity: 8M
 Heap Initial Capacity: 512M
 Heap Max Capacity: 8180M
 Pre-touch: Disabled
 Parallel Workers: 6
 Concurrent Workers: 2
 Concurrent Refinement Workers: 6
 Periodic GC: Disabled
Heap:
 garbage-first heap   total 90112K, used 48156K [0x0000000600c00000, 0x0000000800000000)
  region size 4096K, 2 young (8192K), 1 survivors (4096K)
 Metaspace       used 81891K, committed 82688K, reserved 1179648K
  class space    used 12329K, committed 12672K, reserved 1048576K
GC Heap History (20 events):
Event: 10.167 GC heap before
{Heap before GC invocations=17 (full 0):
 garbage-first heap   total 81920K, used 60643K [0x0000000600c00000, 0x0000000800000000)
  region size 4096K, 9 young (36864K), 2 survivors (8192K)
 Metaspace       used 61428K, committed 61952K, reserved 1114112K
  class space    used 9064K, committed 9344K, reserved 1048576K
}
Event: 10.170 GC heap after
{Heap after GC invocations=18 (full 0):
 garbage-first heap   total 81920K, used 32853K [0x0000000600c00000, 0x0000000800000000)
  region size 4096K, 2 young (8192K), 2 survivors (8192K)
 Metaspace       used 61428K, committed 61952K, reserved 1114112K
  class space    used 9064K, committed 9344K, reserved 1048576K
}
Event: 10.475 GC heap before
{Heap before GC invocations=18 (full 0):
 garbage-first heap   total 81920K, used 61525K [0x0000000600c00000, 0x0000000800000000)
  region size 4096K, 9 young (36864K), 2 survivors (8192K)
 Metaspace       used 63667K, committed 64256K, reserved 1114112K
  class space    used 9347K, committed 9600K, reserved 1048576K
}
Event: 10.478 GC heap after
{Heap after GC invocations=19 (full 0):
 garbage-first heap   total 81920K, used 33745K [0x0000000600c00000, 0x0000000800000000)
  region size 4096K, 2 young (8192K), 2 survivors (8192K)
 Metaspace       used 63667K, committed 64256K, reserved 1114112K
  class space    used 9347K, committed 9600K, reserved 1048576K
}
Event: 10.848 GC heap before
{Heap before GC invocations=19 (full 0):
 garbage-first heap   total 81920K, used 62417K [0x0000000600c00000, 0x0000000800000000)
  region size 4096K, 9 young (36864K), 2 survivors (8192K)
 Metaspace       used 64848K, committed 65408K, reserved 1114112K
  class space    used 9512K, committed 9728K, reserved 1048576K
}
Event: 10.852 GC heap after
{Heap after GC invocations=20 (full 0):
 garbage-first heap   total 81920K, used 35721K [0x0000000600c00000, 0x0000000800000000)
  region size 4096K, 2 young (8192K), 2 survivors (8192K)
 Metaspace       used 64848K, committed 65408K, reserved 1114112K
  class space    used 9512K, committed 9728K, reserved 1048576K
}
Event: 11.530 GC heap before
{Heap before GC invocations=20 (full 0):
 garbage-first heap   total 81920K, used 60297K [0x0000000600c00000, 0x0000000800000000)
  region size 4096K, 8 young (32768K), 2 survivors (8192K)
 Metaspace       used 67065K, committed 67648K, reserved 1114112K
  class space    used 9856K, committed 10112K, reserved 1048576K
}
Event: 11.534 GC heap after
{Heap after GC invocations=21 (full 0):
 garbage-first heap   total 81920K, used 37643K [0x0000000600c00000, 0x0000000800000000)
  region size 4096K, 1 young (4096K), 1 survivors (4096K)
 Metaspace       used 67065K, committed 67648K, reserved 1114112K
  class space    used 9856K, committed 10112K, reserved 1048576K
}
Event: 12.064 GC heap before
{Heap before GC invocations=21 (full 0):
 garbage-first heap   total 81920K, used 58123K [0x0000000600c00000, 0x0000000800000000)
  region size 4096K, 7 young (28672K), 1 survivors (4096K)
 Metaspace       used 72119K, committed 72768K, reserved 1114112K
  class space    used 10640K, committed 10944K, reserved 1048576K
}
Event: 12.068 GC heap after
{Heap after GC invocations=22 (full 0):
 garbage-first heap   total 81920K, used 38888K [0x0000000600c00000, 0x0000000800000000)
  region size 4096K, 1 young (4096K), 1 survivors (4096K)
 Metaspace       used 72119K, committed 72768K, reserved 1114112K
  class space    used 10640K, committed 10944K, reserved 1048576K
}
Event: 12.406 GC heap before
{Heap before GC invocations=22 (full 0):
 garbage-first heap   total 81920K, used 59368K [0x0000000600c00000, 0x0000000800000000)
  region size 4096K, 6 young (24576K), 1 survivors (4096K)
 Metaspace       used 74285K, committed 74944K, reserved 1114112K
  class space    used 10906K, committed 11200K, reserved 1048576K
}
Event: 12.409 GC heap after
{Heap after GC invocations=23 (full 0):
 garbage-first heap   total 81920K, used 41365K [0x0000000600c00000, 0x0000000800000000)
  region size 4096K, 1 young (4096K), 1 survivors (4096K)
 Metaspace       used 74285K, committed 74944K, reserved 1114112K
  class space    used 10906K, committed 11200K, reserved 1048576K
}
Event: 12.467 GC heap before
{Heap before GC invocations=24 (full 0):
 garbage-first heap   total 81920K, used 61845K [0x0000000600c00000, 0x0000000800000000)
  region size 4096K, 6 young (24576K), 1 survivors (4096K)
 Metaspace       used 74294K, committed 74944K, reserved 1114112K
  class space    used 10908K, committed 11200K, reserved 1048576K
}
Event: 12.470 GC heap after
{Heap after GC invocations=25 (full 0):
 garbage-first heap   total 81920K, used 44353K [0x0000000600c00000, 0x0000000800000000)
  region size 4096K, 1 young (4096K), 1 survivors (4096K)
 Metaspace       used 74294K, committed 74944K, reserved 1114112K
  class space    used 10908K, committed 11200K, reserved 1048576K
}
Event: 12.564 GC heap before
{Heap before GC invocations=25 (full 0):
 garbage-first heap   total 81920K, used 60737K [0x0000000600c00000, 0x0000000800000000)
  region size 4096K, 5 young (20480K), 1 survivors (4096K)
 Metaspace       used 74753K, committed 75392K, reserved 1114112K
  class space    used 11007K, committed 11328K, reserved 1048576K
}
Event: 12.566 GC heap after
{Heap after GC invocations=26 (full 0):
 garbage-first heap   total 81920K, used 45554K [0x0000000600c00000, 0x0000000800000000)
  region size 4096K, 1 young (4096K), 1 survivors (4096K)
 Metaspace       used 74753K, committed 75392K, reserved 1114112K
  class space    used 11007K, committed 11328K, reserved 1048576K
}
Event: 13.160 GC heap before
{Heap before GC invocations=27 (full 0):
 garbage-first heap   total 90112K, used 57842K [0x0000000600c00000, 0x0000000800000000)
  region size 4096K, 5 young (20480K), 1 survivors (4096K)
 Metaspace       used 78209K, committed 78848K, reserved 1179648K
  class space    used 11609K, committed 11904K, reserved 1048576K
}
Event: 13.164 GC heap after
{Heap after GC invocations=28 (full 0):
 garbage-first heap   total 90112K, used 46684K [0x0000000600c00000, 0x0000000800000000)
  region size 4096K, 1 young (4096K), 1 survivors (4096K)
 Metaspace       used 78209K, committed 78848K, reserved 1179648K
  class space    used 11609K, committed 11904K, reserved 1048576K
}
Event: 16.485 GC heap before
{Heap before GC invocations=28 (full 0):
 garbage-first heap   total 90112K, used 67164K [0x0000000600c00000, 0x0000000800000000)
  region size 4096K, 6 young (24576K), 1 survivors (4096K)
 Metaspace       used 81891K, committed 82688K, reserved 1179648K
  class space    used 12329K, committed 12672K, reserved 1048576K
}
Event: 16.488 GC heap after
{Heap after GC invocations=29 (full 0):
 garbage-first heap   total 90112K, used 48156K [0x0000000600c00000, 0x0000000800000000)
  region size 4096K, 1 young (4096K), 1 survivors (4096K)
 Metaspace       used 81891K, committed 82688K, reserved 1179648K
  class space    used 12329K, committed 12672K, reserved 1048576K
}

