# JRE version: Java(TM) SE Runtime Environment (17.0.10+11) (build 17.0.10+11-LTS-240)
# Java VM: Java HotSpot(TM) 64-Bit Server VM (17.0.10+11-LTS-240, mixed mode, sharing, tiered, compressed oops, compressed class ptrs, g1 gc, windows-amd64)
GC Precious Log:
 CPUs: 6 total, 6 available
 Memory: 32712M
 Large Page Support: Disabled
 NUMA Support: Disabled
 Compressed Oops: Enabled (32-bit)
 Heap Region Size: 1M
 Heap Min Capacity: 256M
 Heap Initial Capacity: 256M
 Heap Max Capacity: 512M
 Pre-touch: Disabled
 Parallel Workers: 6
 Concurrent Workers: 2
 Concurrent Refinement Workers: 6
 Periodic GC: Disabled
Heap:
 garbage-first heap   total 409600K, used 284561K [0x00000000e0000000, 0x0000000100000000)
  region size 1024K, 163 young (166912K), 12 survivors (12288K)
 Metaspace       used 82582K, committed 83584K, reserved 458752K
  class space    used 10689K, committed 11008K, reserved 327680K
GC Heap History (20 events):
Event: 1326.322 GC heap before
{Heap before GC invocations=34 (full 0):
 garbage-first heap   total 367616K, used 314896K [0x00000000e0000000, 0x0000000100000000)
  region size 1024K, 95 young (97280K), 7 survivors (7168K)
 Metaspace       used 85194K, committed 86080K, reserved 458752K
  class space    used 10931K, committed 11328K, reserved 327680K
}
Event: 1326.331 GC heap after
{Heap after GC invocations=35 (full 0):
 garbage-first heap   total 367616K, used 231044K [0x00000000e0000000, 0x0000000100000000)
  region size 1024K, 12 young (12288K), 12 survivors (12288K)
 Metaspace       used 85194K, committed 86080K, reserved 458752K
  class space    used 10931K, committed 11328K, reserved 327680K
}
Event: 1326.661 GC heap before
{Heap before GC invocations=35 (full 0):
 garbage-first heap   total 367616K, used 315012K [0x00000000e0000000, 0x0000000100000000)
  region size 1024K, 94 young (96256K), 12 survivors (12288K)
 Metaspace       used 85209K, committed 86080K, reserved 458752K
  class space    used 10931K, committed 11328K, reserved 327680K
}
Event: 1326.670 GC heap after
{Heap after GC invocations=36 (full 0):
 garbage-first heap   total 367616K, used 237991K [0x00000000e0000000, 0x0000000100000000)
  region size 1024K, 12 young (12288K), 12 survivors (12288K)
 Metaspace       used 85209K, committed 86080K, reserved 458752K
  class space    used 10931K, committed 11328K, reserved 327680K
}
Event: 1327.144 GC heap before
{Heap before GC invocations=36 (full 0):
 garbage-first heap   total 367616K, used 314791K [0x00000000e0000000, 0x0000000100000000)
  region size 1024K, 86 young (88064K), 12 survivors (12288K)
 Metaspace       used 85379K, committed 86336K, reserved 458752K
  class space    used 10946K, committed 11392K, reserved 327680K
}
Event: 1327.152 GC heap after
{Heap after GC invocations=37 (full 0):
 garbage-first heap   total 367616K, used 243347K [0x00000000e0000000, 0x0000000100000000)
  region size 1024K, 9 young (9216K), 9 survivors (9216K)
 Metaspace       used 85379K, committed 86336K, reserved 458752K
  class space    used 10946K, committed 11392K, reserved 327680K
}
Event: 1327.923 GC heap before
{Heap before GC invocations=37 (full 0):
 garbage-first heap   total 367616K, used 314003K [0x00000000e0000000, 0x0000000100000000)
  region size 1024K, 76 young (77824K), 9 survivors (9216K)
 Metaspace       used 85808K, committed 86784K, reserved 458752K
  class space    used 10999K, committed 11456K, reserved 327680K
}
Event: 1327.931 GC heap after
{Heap after GC invocations=38 (full 0):
 garbage-first heap   total 367616K, used 263391K [0x00000000e0000000, 0x0000000100000000)
  region size 1024K, 10 young (10240K), 10 survivors (10240K)
 Metaspace       used 85808K, committed 86784K, reserved 458752K
  class space    used 10999K, committed 11456K, reserved 327680K
}
Event: 1328.485 GC heap before
{Heap before GC invocations=38 (full 0):
 garbage-first heap   total 367616K, used 309471K [0x00000000e0000000, 0x0000000100000000)
  region size 1024K, 55 young (56320K), 10 survivors (10240K)
 Metaspace       used 86895K, committed 87808K, reserved 458752K
  class space    used 11124K, committed 11520K, reserved 327680K
}
Event: 1328.488 GC heap after
{Heap after GC invocations=39 (full 0):
 garbage-first heap   total 367616K, used 262851K [0x00000000e0000000, 0x0000000100000000)
  region size 1024K, 3 young (3072K), 3 survivors (3072K)
 Metaspace       used 86895K, committed 87808K, reserved 458752K
  class space    used 11124K, committed 11520K, reserved 327680K
}
Event: 1356.901 GC heap before
{Heap before GC invocations=40 (full 0):
 garbage-first heap   total 409600K, used 285379K [0x00000000e0000000, 0x0000000100000000)
  region size 1024K, 50 young (51200K), 3 survivors (3072K)
 Metaspace       used 79034K, committed 81984K, reserved 458752K
  class space    used 10163K, committed 11008K, reserved 327680K
}
Event: 1356.906 GC heap after
{Heap after GC invocations=41 (full 0):
 garbage-first heap   total 409600K, used 236284K [0x00000000e0000000, 0x0000000100000000)
  region size 1024K, 2 young (2048K), 2 survivors (2048K)
 Metaspace       used 79034K, committed 81984K, reserved 458752K
  class space    used 10163K, committed 11008K, reserved 327680K
}
Event: 1850.284 GC heap before
{Heap before GC invocations=41 (full 0):
 garbage-first heap   total 409600K, used 253692K [0x00000000e0000000, 0x0000000100000000)
  region size 1024K, 20 young (20480K), 2 survivors (2048K)
 Metaspace       used 79049K, committed 81984K, reserved 458752K
  class space    used 10163K, committed 11008K, reserved 327680K
}
Event: 1850.288 GC heap after
{Heap after GC invocations=42 (full 0):
 garbage-first heap   total 409600K, used 195848K [0x00000000e0000000, 0x0000000100000000)
  region size 1024K, 1 young (1024K), 1 survivors (1024K)
 Metaspace       used 79049K, committed 81984K, reserved 458752K
  class space    used 10163K, committed 11008K, reserved 327680K
}
Event: 2951.288 GC heap before
{Heap before GC invocations=42 (full 0):
 garbage-first heap   total 409600K, used 214280K [0x00000000e0000000, 0x0000000100000000)
  region size 1024K, 20 young (20480K), 1 survivors (1024K)
 Metaspace       used 79084K, committed 81984K, reserved 458752K
  class space    used 10163K, committed 11008K, reserved 327680K
}
Event: 2951.293 GC heap after
{Heap after GC invocations=43 (full 0):
 garbage-first heap   total 409600K, used 158665K [0x00000000e0000000, 0x0000000100000000)
  region size 1024K, 1 young (1024K), 1 survivors (1024K)
 Metaspace       used 79084K, committed 81984K, reserved 458752K
  class space    used 10163K, committed 11008K, reserved 327680K
}
Event: 4031.846 GC heap before
{Heap before GC invocations=43 (full 0):
 garbage-first heap   total 409600K, used 178121K [0x00000000e0000000, 0x0000000100000000)
  region size 1024K, 20 young (20480K), 1 survivors (1024K)
 Metaspace       used 79091K, committed 81984K, reserved 458752K
  class space    used 10164K, committed 11008K, reserved 327680K
}
Event: 4031.853 GC heap after
{Heap after GC invocations=44 (full 0):
 garbage-first heap   total 409600K, used 126375K [0x00000000e0000000, 0x0000000100000000)
  region size 1024K, 1 young (1024K), 1 survivors (1024K)
 Metaspace       used 79091K, committed 81984K, reserved 458752K
  class space    used 10164K, committed 11008K, reserved 327680K
}
Event: 4153.196 GC heap before
{Heap before GC invocations=44 (full 0):
 garbage-first heap   total 409600K, used 298407K [0x00000000e0000000, 0x0000000100000000)
  region size 1024K, 170 young (174080K), 1 survivors (1024K)
 Metaspace       used 84350K, committed 85120K, reserved 458752K
  class space    used 10904K, committed 11200K, reserved 327680K
}
Event: 4153.204 GC heap after
{Heap after GC invocations=45 (full 0):
 garbage-first heap   total 409600K, used 138129K [0x00000000e0000000, 0x0000000100000000)
  region size 1024K, 12 young (12288K), 12 survivors (12288K)
 Metaspace       used 84350K, committed 85120K, reserved 458752K
  class space    used 10904K, committed 11200K, reserved 327680K
}

